# JRE version: OpenJDK Runtime Environment (8.0_202) (build 1.8.0_202-release-1483-b49-5587405)
# Java VM: OpenJDK 64-Bit Server VM (25.202-b49-5587405 mixed mode linux-amd64 compressed oops)
Heap:
 PSYoungGen      total 338432K, used 41287K [0x00000000e0000000, 0x0000000100000000, 0x0000000100000000)
  eden space 254976K, 0% used [0x00000000e0000000,0x00000000e0000000,0x00000000ef900000)
  from space 83456K, 49% used [0x00000000fae80000,0x00000000fd6d1c30,0x0000000100000000)
  to   space 134656K, 0% used [0x00000000ef900000,0x00000000ef900000,0x00000000f7c80000)
 ParOldGen       total 251904K, used 251435K [0x00000000a0000000, 0x00000000af600000, 0x00000000e0000000)
  object space 251904K, 99% used [0x00000000a0000000,0x00000000af58af90,0x00000000af600000)
 Metaspace       used 194497K, capacity 208506K, committed 208588K, reserved 1230848K
  class space    used 24734K, capacity 27118K, committed 27136K, reserved 1048576K
GC Heap History (10 events):
Event: 14818,907 GC heap after
Heap after GC invocations=100 (full 8):
 PSYoungGen      total 459264K, used 0K [0x00000000e0000000, 0x0000000100000000, 0x0000000100000000)
  eden space 399360K, 0% used [0x00000000e0000000,0x00000000e0000000,0x00000000f8600000)
  from space 59904K, 0% used [0x00000000fc580000,0x00000000fc580000,0x0000000100000000)
  to   space 62464K, 0% used [0x00000000f8600000,0x00000000f8600000,0x00000000fc300000)
 ParOldGen       total 229888K, used 142586K [0x00000000a0000000, 0x00000000ae080000, 0x00000000e0000000)
  object space 229888K, 62% used [0x00000000a0000000,0x00000000a8b3e840,0x00000000ae080000)
 Metaspace       used 192812K, capacity 206530K, committed 207308K, reserved 1228800K
  class space    used 24537K, capacity 26894K, committed 27136K, reserved 1048576K
}
Event: 14828,949 GC heap before
{Heap before GC invocations=101 (full 8):
 PSYoungGen      total 459264K, used 399360K [0x00000000e0000000, 0x0000000100000000, 0x0000000100000000)
  eden space 399360K, 100% used [0x00000000e0000000,0x00000000f8600000,0x00000000f8600000)
  from space 59904K, 0% used [0x00000000fc580000,0x00000000fc580000,0x0000000100000000)
  to   space 62464K, 0% used [0x00000000f8600000,0x00000000f8600000,0x00000000fc300000)
 ParOldGen       total 229888K, used 142586K [0x00000000a0000000, 0x00000000ae080000, 0x00000000e0000000)
  object space 229888K, 62% used [0x00000000a0000000,0x00000000a8b3e840,0x00000000ae080000)
 Metaspace       used 193127K, capacity 206808K, committed 207308K, reserved 1228800K
  class space    used 24550K, capacity 26899K, committed 27136K, reserved 1048576K
Event: 14829,058 GC heap after
Heap after GC invocations=101 (full 8):
 PSYoungGen      total 461824K, used 13080K [0x00000000e0000000, 0x00000000fff80000, 0x0000000100000000)
  eden space 399360K, 0% used [0x00000000e0000000,0x00000000e0000000,0x00000000f8600000)
  from space 62464K, 20% used [0x00000000f8600000,0x00000000f92c61e0,0x00000000fc300000)
  to   space 60928K, 0% used [0x00000000fc400000,0x00000000fc400000,0x00000000fff80000)
 ParOldGen       total 229888K, used 142594K [0x00000000a0000000, 0x00000000ae080000, 0x00000000e0000000)
  object space 229888K, 62% used [0x00000000a0000000,0x00000000a8b40840,0x00000000ae080000)
 Metaspace       used 193127K, capacity 206808K, committed 207308K, reserved 1228800K
  class space    used 24550K, capacity 26899K, committed 27136K, reserved 1048576K
}
Event: 14831,890 GC heap before
{Heap before GC invocations=102 (full 8):
 PSYoungGen      total 461824K, used 412440K [0x00000000e0000000, 0x00000000fff80000, 0x0000000100000000)
  eden space 399360K, 100% used [0x00000000e0000000,0x00000000f8600000,0x00000000f8600000)
  from space 62464K, 20% used [0x00000000f8600000,0x00000000f92c61e0,0x00000000fc300000)
  to   space 60928K, 0% used [0x00000000fc400000,0x00000000fc400000,0x00000000fff80000)
 ParOldGen       total 229888K, used 142594K [0x00000000a0000000, 0x00000000ae080000, 0x00000000e0000000)
  object space 229888K, 62% used [0x00000000a0000000,0x00000000a8b40840,0x00000000ae080000)
 Metaspace       used 193776K, capacity 207594K, committed 208076K, reserved 1230848K
  class space    used 24646K, capacity 26990K, committed 27136K, reserved 1048576K
Event: 14832,406 GC heap after
Heap after GC invocations=102 (full 8):
 PSYoungGen      total 418304K, used 60917K [0x00000000e0000000, 0x0000000100000000, 0x0000000100000000)
  eden space 357376K, 0% used [0x00000000e0000000,0x00000000e0000000,0x00000000f5d00000)
  from space 60928K, 99% used [0x00000000fc400000,0x00000000fff7d468,0x00000000fff80000)
  to   space 83456K, 0% used [0x00000000f5d00000,0x00000000f5d00000,0x00000000fae80000)
 ParOldGen       total 229888K, used 176548K [0x00000000a0000000, 0x00000000ae080000, 0x00000000e0000000)
  object space 229888K, 76% used [0x00000000a0000000,0x00000000aac692c8,0x00000000ae080000)
 Metaspace       used 193776K, capacity 207594K, committed 208076K, reserved 1230848K
  class space    used 24646K, capacity 26990K, committed 27136K, reserved 1048576K
}
Event: 14834,521 GC heap before
{Heap before GC invocations=103 (full 8):
 PSYoungGen      total 418304K, used 418293K [0x00000000e0000000, 0x0000000100000000, 0x0000000100000000)
  eden space 357376K, 100% used [0x00000000e0000000,0x00000000f5d00000,0x00000000f5d00000)
  from space 60928K, 99% used [0x00000000fc400000,0x00000000fff7d468,0x00000000fff80000)
  to   space 83456K, 0% used [0x00000000f5d00000,0x00000000f5d00000,0x00000000fae80000)
 ParOldGen       total 229888K, used 176548K [0x00000000a0000000, 0x00000000ae080000, 0x00000000e0000000)
  object space 229888K, 76% used [0x00000000a0000000,0x00000000aac692c8,0x00000000ae080000)
 Metaspace       used 193795K, capacity 207600K, committed 208076K, reserved 1230848K
  class space    used 24647K, capacity 26991K, committed 27136K, reserved 1048576K
Event: 14834,848 GC heap after
Heap after GC invocations=103 (full 8):
 PSYoungGen      total 440832K, used 83454K [0x00000000e0000000, 0x0000000100000000, 0x0000000100000000)
  eden space 357376K, 0% used [0x00000000e0000000,0x00000000e0000000,0x00000000f5d00000)
  from space 83456K, 99% used [0x00000000f5d00000,0x00000000fae7f998,0x00000000fae80000)
  to   space 83456K, 0% used [0x00000000fae80000,0x00000000fae80000,0x0000000100000000)
 ParOldGen       total 229888K, used 202010K [0x00000000a0000000, 0x00000000ae080000, 0x00000000e0000000)
  object space 229888K, 87% used [0x00000000a0000000,0x00000000ac546ac8,0x00000000ae080000)
 Metaspace       used 193795K, capacity 207600K, committed 208076K, reserved 1230848K
  class space    used 24647K, capacity 26991K, committed 27136K, reserved 1048576K
}
Event: 14840,331 GC heap before
{Heap before GC invocations=104 (full 8):
 PSYoungGen      total 440832K, used 440830K [0x00000000e0000000, 0x0000000100000000, 0x0000000100000000)
  eden space 357376K, 100% used [0x00000000e0000000,0x00000000f5d00000,0x00000000f5d00000)
  from space 83456K, 99% used [0x00000000f5d00000,0x00000000fae7f998,0x00000000fae80000)
  to   space 83456K, 0% used [0x00000000fae80000,0x00000000fae80000,0x0000000100000000)
 ParOldGen       total 229888K, used 202010K [0x00000000a0000000, 0x00000000ae080000, 0x00000000e0000000)
  object space 229888K, 87% used [0x00000000a0000000,0x00000000ac546ac8,0x00000000ae080000)
 Metaspace       used 194497K, capacity 208506K, committed 208588K, reserved 1230848K
  class space    used 24734K, capacity 27118K, committed 27136K, reserved 1048576K
Event: 14841,199 GC heap after
Heap after GC invocations=104 (full 8):
 PSYoungGen      total 338432K, used 83436K [0x00000000e0000000, 0x0000000100000000, 0x0000000100000000)
  eden space 254976K, 0% used [0x00000000e0000000,0x00000000e0000000,0x00000000ef900000)
  from space 83456K, 99% used [0x00000000fae80000,0x00000000ffffb3e8,0x0000000100000000)
  to   space 134656K, 0% used [0x00000000ef900000,0x00000000ef900000,0x00000000f7c80000)
 ParOldGen       total 251904K, used 251480K [0x00000000a0000000, 0x00000000af600000, 0x00000000e0000000)
  object space 251904K, 99% used [0x00000000a0000000,0x00000000af5963c0,0x00000000af600000)
 Metaspace       used 194497K, capacity 208506K, committed 208588K, reserved 1230848K
  class space    used 24734K, capacity 27118K, committed 27136K, reserved 1048576K
}
Event: 14841,300 GC heap before
{Heap before GC invocations=105 (full 9):
 PSYoungGen      total 338432K, used 83436K [0x00000000e0000000, 0x0000000100000000, 0x0000000100000000)
  eden space 254976K, 0% used [0x00000000e0000000,0x00000000e0000000,0x00000000ef900000)
  from space 83456K, 99% used [0x00000000fae80000,0x00000000ffffb3e8,0x0000000100000000)
  to   space 134656K, 0% used [0x00000000ef900000,0x00000000ef900000,0x00000000f7c80000)
 ParOldGen       total 251904K, used 251480K [0x00000000a0000000, 0x00000000af600000, 0x00000000e0000000)
  object space 251904K, 99% used [0x00000000a0000000,0x00000000af5963c0,0x00000000af600000)
 Metaspace       used 194497K, capacity 208506K, committed 208588K, reserved 1230848K
  class space    used 24734K, capacity 27118K, committed 27136K, reserved 1048576K

